[23:47:25][no_game_date][pdxassetutil.cpp:1098]: Duplicate texture 'SOV_infantry_diffuse.dds' found (current path 'gfx/models/units/infantry/SOV_infantry_diffuse.dds', previous path 'gfx/models/units/SOV_infantry_diffuse.dds')
[23:47:25][no_game_date][pdxassetutil.cpp:1098]: Duplicate texture 'SOV_infantry_normal.dds' found (current path 'gfx/models/units/infantry/SOV_infantry_normal.dds', previous path 'gfx/models/units/SOV_infantry_normal.dds')
[23:47:25][no_game_date][pdxassetutil.cpp:1098]: Duplicate texture 'SOV_infantry_specular.dds' found (current path 'gfx/models/units/infantry/SOV_infantry_specular.dds', previous path 'gfx/models/units/SOV_infantry_specular.dds')
[23:47:25][no_game_date][pdxassetutil.cpp:1098]: Duplicate texture 'geo_type96_diffuse.dds' found (current path 'gfx/models/units/vehicles/geo_type96_diffuse.dds', previous path 'gfx/models/units/small_arms/geo_type96_diffuse.dds')
[23:47:25][no_game_date][pdxassetutil.cpp:1098]: Duplicate texture 'geo_type96_normal.dds' found (current path 'gfx/models/units/vehicles/geo_type96_normal.dds', previous path 'gfx/models/units/small_arms/geo_type96_normal.dds')
[23:47:25][no_game_date][pdxassetutil.cpp:1098]: Duplicate texture 'geo_type96_specular.dds' found (current path 'gfx/models/units/vehicles/geo_type96_specular.dds', previous path 'gfx/models/units/small_arms/geo_type96_specular.dds')
[23:47:26][no_game_date][pdxassetutil.cpp:1138]: Failed to find texture 'tank_spec.dds'
[23:47:26][no_game_date][pdxmeshtype.cpp:162]: Could not find mesh file gfx/models/units/plane/geo_jas39_BRA.mesh for geo_jas39_BRA_mesh, switching to gfx/models/test_object.mesh
[23:47:26][no_game_date][pdx_anim.cpp:1125]: Animation [geo_jas39_idle_animation]: Animation's number of joints does not match mesh's number of joints. ( Animation 3, Mesh 2)
[23:47:26][no_game_date][pdxmeshtype.cpp:334]: Animation [geo_jas39_idle_animation] is not compatible with mesh [geo_jas39_BRA_mesh]
[23:47:26][no_game_date][pdx_anim.cpp:1125]: Animation [geo_jas39_attack_animation]: Animation's number of joints does not match mesh's number of joints. ( Animation 3, Mesh 2)
[23:47:26][no_game_date][pdxmeshtype.cpp:334]: Animation [geo_jas39_attack_animation] is not compatible with mesh [geo_jas39_BRA_mesh]
[23:47:26][no_game_date][pdxassetutil.cpp:1138]: Failed to find texture 'ENG_light_fighter_typhoon_diffuse_cv.dds'
[23:47:26][no_game_date][pdxmeshtype.cpp:162]: Could not find mesh file gfx/models/units/vehicles/geo_bmp2_POL.mesh for geo_bmp2_POL_mesh, switching to gfx/models/test_object.mesh
[23:47:26][no_game_date][pdx_anim.cpp:1125]: Animation [geo_bmp2_attack_animation]: Animation's number of joints does not match mesh's number of joints. ( Animation 24, Mesh 2)
[23:47:26][no_game_date][pdxmeshtype.cpp:334]: Animation [geo_bmp2_attack_animation] is not compatible with mesh [geo_bmp2_POL_mesh]
[23:47:26][no_game_date][pdx_anim.cpp:1125]: Animation [geo_bmp2_idle_animation]: Animation's number of joints does not match mesh's number of joints. ( Animation 24, Mesh 2)
[23:47:26][no_game_date][pdxmeshtype.cpp:334]: Animation [geo_bmp2_idle_animation] is not compatible with mesh [geo_bmp2_POL_mesh]
[23:47:26][no_game_date][pdx_anim.cpp:1125]: Animation [geo_bmp2_move_animation]: Animation's number of joints does not match mesh's number of joints. ( Animation 24, Mesh 2)
[23:47:26][no_game_date][pdxmeshtype.cpp:334]: Animation [geo_bmp2_move_animation] is not compatible with mesh [geo_bmp2_POL_mesh]
[23:47:26][no_game_date][pdxassetutil.cpp:1138]: Failed to find texture 'geo_fra_ms406_normal.dds'
[23:47:26][no_game_date][pdxmeshtype.cpp:162]: Could not find mesh file gfx/models/units/plane/geo_jas39_camo.mesh for geo_jas39_camo_mesh, switching to gfx/models/test_object.mesh
[23:47:26][no_game_date][pdx_anim.cpp:1125]: Animation [geo_jas39_idle_animation]: Animation's number of joints does not match mesh's number of joints. ( Animation 3, Mesh 2)
[23:47:26][no_game_date][pdxmeshtype.cpp:334]: Animation [geo_jas39_idle_animation] is not compatible with mesh [geo_jas39_camo_mesh]
[23:47:26][no_game_date][pdx_anim.cpp:1125]: Animation [geo_jas39_attack_animation]: Animation's number of joints does not match mesh's number of joints. ( Animation 3, Mesh 2)
[23:47:26][no_game_date][pdxmeshtype.cpp:334]: Animation [geo_jas39_attack_animation] is not compatible with mesh [geo_jas39_camo_mesh]
[23:47:27][no_game_date][pdxmeshtype.cpp:162]: Could not find mesh file gfx/models/units/plane/geo_jas39.mesh for geo_jas39_mesh, switching to gfx/models/test_object.mesh
[23:47:27][no_game_date][pdx_anim.cpp:1125]: Animation [geo_jas39_idle_animation]: Animation's number of joints does not match mesh's number of joints. ( Animation 3, Mesh 2)
[23:47:27][no_game_date][pdxmeshtype.cpp:334]: Animation [geo_jas39_idle_animation] is not compatible with mesh [geo_jas39_mesh]
[23:47:27][no_game_date][pdx_anim.cpp:1125]: Animation [geo_jas39_attack_animation]: Animation's number of joints does not match mesh's number of joints. ( Animation 3, Mesh 2)
[23:47:27][no_game_date][pdxmeshtype.cpp:334]: Animation [geo_jas39_attack_animation] is not compatible with mesh [geo_jas39_mesh]
[23:47:27][no_game_date][pdxmeshtype.cpp:162]: Could not find mesh file gfx/models/units/planes/USA/USA_light_fighter_p36.mesh for CHI_light_fighter_p36_mesh, switching to gfx/models/test_object.mesh
[23:47:27][no_game_date][pdxassetutil.cpp:1138]: Failed to find texture 'CHI_light_fighter_p36_diffuse.dds'
[23:47:27][no_game_date][pdxassetutil.cpp:1138]: Failed to find texture 'USA_light_fighter_p36_normal.dds'
[23:47:27][no_game_date][pdxassetutil.cpp:1138]: Failed to find texture 'USA_light_fighter_p36_specular.dds'
[23:47:27][no_game_date][pdx_anim.cpp:1125]: Animation [fighter_default_idle_animation]: Animation's number of joints does not match mesh's number of joints. ( Animation 1, Mesh 2)
[23:47:27][no_game_date][pdxmeshtype.cpp:334]: Animation [fighter_default_idle_animation] is not compatible with mesh [CHI_light_fighter_p36_mesh]
[23:47:27][no_game_date][pdxassetutil.cpp:1138]: Failed to find texture 'GEN_medium_bomber_ju188_diffuse.dds'
[23:47:27][no_game_date][pdx_entity.cpp:228]: Could not find animation "retreat" for state "retreat" in entity "GER_modern_armor_leo1_entity"
[23:47:27][no_game_date][pdxassetutil.cpp:1138]: Failed to find texture 'geo_sov_infantry_diffuse.dds'
[23:47:27][no_game_date][pdxassetutil.cpp:1138]: Failed to find texture 'geo_sov_infantry_normal.dds'
[23:47:27][no_game_date][pdxassetutil.cpp:1138]: Failed to find texture 'geo_sov_infantry_specular.dds'

[23:47:27][no_game_date][pdx_entity.cpp:2277]: Duplicate of GEN_light_fighter_re2000_entity added to entity system
[23:47:27][no_game_date][pdx_entity.cpp:2277]: Duplicate of GEN_heavy_mothership_b36_entity added to entity system
[23:47:27][no_game_date][pdx_entity.cpp:2172]: Duplicate of GER_rocket_plane_1_entity added to entity system
[23:47:27][no_game_date][pdx_entity.cpp:2172]: Duplicate of GER_light_jet_fighter_entity added to entity system
[23:47:27][no_game_date][pdx_entity.cpp:2172]: Duplicate of GER_scout_plane_entity added to entity system
[23:47:27][no_game_date][pdx_entity.cpp:2172]: Duplicate of GER_mothership_entity added to entity system
[23:47:27][no_game_date][pdx_entity.cpp:2172]: Duplicate of GER_nuclear_missile_equipment_2_entity added to entity system
[23:47:27][no_game_date][pdx_entity.cpp:2172]: Duplicate of SOV_heavy_plane_entity added to entity system
[23:47:27][no_game_date][pdx_entity.cpp:2172]: Duplicate of SOV_strat_bomber_intercontinental_entity added to entity system
[23:47:27][no_game_date][pdx_entity.cpp:2172]: Duplicate of SOV_mothership_entity added to entity system
[23:47:27][no_game_date][pdx_entity.cpp:2172]: Duplicate of USA_light_plane_entity added to entity system
[23:47:27][no_game_date][pdx_entity.cpp:2172]: Duplicate of USA_medium_plane_entity added to entity system
[23:47:27][no_game_date][pdx_entity.cpp:2277]: Duplicate of USA_medium_plane_fighter_airframe_2_entity added to entity system
[23:47:27][no_game_date][pdx_entity.cpp:2172]: Duplicate of USA_heavy_plane_entity added to entity system
[23:47:27][no_game_date][pdx_entity.cpp:2172]: Duplicate of USA_strat_bomber_intercontinental_entity added to entity system
[23:47:27][no_game_date][pdx_entity.cpp:2172]: Duplicate of USA_mothership_entity added to entity system
[23:47:27][no_game_date][pdx_entity.cpp:2172]: Duplicate of USA_nuclear_missile_equipment_1_entity added to entity system
[23:47:27][no_game_date][pdx_entity.cpp:2172]: Duplicate of USA_nuclear_missile_equipment_2_entity added to entity system
[23:47:27][no_game_date][pdx_entity.cpp:2172]: Duplicate of USA_guided_missile_equipment_1_entity added to entity system
[23:47:27][no_game_date][pdx_entity.cpp:2172]: Duplicate of ENG_light_plane_entity added to entity system
[23:47:27][no_game_date][pdx_entity.cpp:2172]: Duplicate of ENG_medium_plane_entity added to entity system
[23:47:27][no_game_date][pdx_entity.cpp:2277]: Duplicate of ENG_medium_plane_airframe_0_entity added to entity system
[23:47:27][no_game_date][pdx_entity.cpp:2172]: Duplicate of ENG_heavy_plane_entity added to entity system
[23:47:27][no_game_date][pdx_entity.cpp:2172]: Duplicate of ENG_strat_bomber_intercontinental_entity added to entity system
[23:47:27][no_game_date][pdx_entity.cpp:2172]: Duplicate of FRA_light_plane_entity added to entity system
[23:47:27][no_game_date][pdx_entity.cpp:2172]: Duplicate of FRA_medium_plane_entity added to entity system
[23:47:27][no_game_date][pdx_entity.cpp:2277]: Duplicate of FRA_medium_plane_entity added to entity system
[23:47:27][no_game_date][pdx_entity.cpp:2172]: Duplicate of FRA_strat_bomber_intercontinental_entity added to entity system
[23:47:27][no_game_date][pdx_entity.cpp:2172]: Duplicate of ITA_light_plane_entity added to entity system
[23:47:27][no_game_date][pdx_entity.cpp:2172]: Duplicate of ITA_medium_plane_entity added to entity system
[23:47:27][no_game_date][pdx_entity.cpp:2172]: Duplicate of ITA_scout_plane_entity added to entity system
[23:47:27][no_game_date][pdx_entity.cpp:2172]: Duplicate of ITA_heavy_plane_entity added to entity system
[23:47:27][no_game_date][pdx_entity.cpp:2172]: Duplicate of ITA_strat_bomber_intercontinental_entity added to entity system
[23:47:27][no_game_date][pdx_entity.cpp:2172]: Duplicate of JAP_light_plane_entity added to entity system
[23:47:27][no_game_date][pdx_entity.cpp:2277]: Duplicate of JAP_small_plane_naval_bomber_airframe_1_entity added to entity system
[23:47:27][no_game_date][pdx_entity.cpp:2172]: Duplicate of JAP_scout_plane_entity added to entity system
[23:47:27][no_game_date][pdx_entity.cpp:2172]: Duplicate of JAP_heavy_plane_entity added to entity system
[23:47:27][no_game_date][pdx_entity.cpp:2172]: Duplicate of JAP_strat_bomber_intercontinental_entity added to entity system
[23:47:27][no_game_date][pdx_entity.cpp:2172]: Duplicate of POL_CAS_equipment_entity added to entity system
[23:47:27][no_game_date][pdx_entity.cpp:2172]: Duplicate of POL_heavy_fighter_equipment_entity added to entity system
[23:47:27][no_game_date][pdx_entity.cpp:2277]: Duplicate of ENG_light_plane_entity added to entity system
[23:47:27][no_game_date][pdx_entity.cpp:2172]: Duplicate of RAJ_medium_plane_entity added to entity system
[23:47:27][no_game_date][pdx_entity.cpp:2172]: Duplicate of RAJ_heavy_plane_entity added to entity system
[23:47:27][no_game_date][pdx_entity.cpp:2172]: Duplicate of HUN_light_plane_entity added to entity system
[23:47:27][no_game_date][pdx_entity.cpp:2277]: Duplicate of GEN_medium_bomber_ju86_entity added to entity system
[23:47:27][no_game_date][pdx_entity.cpp:2277]: Duplicate of HUN_medium_plane_entity added to entity system
[23:47:27][no_game_date][pdx_entity.cpp:2172]: Duplicate of CZE_light_plane_entity added to entity system
[23:47:27][no_game_date][pdx_entity.cpp:2172]: Duplicate of CZE_medium_plane_entity added to entity system
[23:47:27][no_game_date][pdx_entity.cpp:2172]: Duplicate of ROM_light_plane_entity added to entity system
[23:47:27][no_game_date][pdx_entity.cpp:2172]: Duplicate of ROM_medium_plane_entity added to entity system
[23:47:27][no_game_date][pdx_entity.cpp:2172]: Duplicate of YUG_light_plane_entity added to entity system
[23:47:27][no_game_date][pdx_entity.cpp:2172]: Duplicate of CHI_light_plane_entity added to entity system
[23:47:27][no_game_date][pdx_entity.cpp:2277]: Duplicate of CHI_light_plane_entity added to entity system
[23:47:27][no_game_date][pdx_entity.cpp:2277]: Duplicate of CHI_light_plane_entity added to entity system
[23:47:27][no_game_date][pdx_entity.cpp:2277]: Duplicate of CHI_light_plane_entity added to entity system
[23:47:27][no_game_date][pdx_entity.cpp:2277]: Duplicate of CHI_light_plane_entity added to entity system
[23:47:27][no_game_date][pdx_entity.cpp:2172]: Duplicate of HOL_light_plane_entity added to entity system
[23:47:27][no_game_date][pdx_entity.cpp:2277]: Duplicate of GEN_light_fighter_cr32_entity added to entity system
[23:47:27][no_game_date][pdx_entity.cpp:2277]: Duplicate of HOL_light_plane_entity added to entity system
[23:47:27][no_game_date][pdx_entity.cpp:2277]: Duplicate of GEN_light_cas_8wzeus_entity added to entity system
[23:47:27][no_game_date][pdx_entity.cpp:2172]: Duplicate of HOL_medium_plane_entity added to entity system
[23:47:27][no_game_date][pdx_entity.cpp:2277]: Duplicate of GEN_heavy_bomber_fw200_entity added to entity system
[23:47:27][no_game_date][pdx_entity.cpp:2277]: Duplicate of GEN_medium_bomber_br20_entity added to entity system
[23:47:27][no_game_date][pdx_entity.cpp:2277]: Duplicate of GEN_heavy_bomber_b17_entity added to entity system
[23:47:27][no_game_date][pdx_entity.cpp:2172]: Duplicate of SPR_light_plane_entity added to entity system
[23:47:27][no_game_date][pdx_entity.cpp:2277]: Duplicate of TUR_light_plane_entity added to entity system
[23:47:27][no_game_date][pdx_entity.cpp:2277]: Duplicate of GEN_light_cas_battle_entity added to entity system
[23:47:27][no_game_date][pdx_entity.cpp:2277]: Duplicate of GEN_light_fighter_mb151_entity added to entity system
[23:47:27][no_game_date][pdx_entity.cpp:2277]: Duplicate of GEN_medium_bomber_br20_entity added to entity system
[23:47:27][no_game_date][pdx_entity.cpp:2172]: Duplicate of ETH_heavy_plane_entity added to entity system
[23:47:27][no_game_date][pdx_entity.cpp:2277]: Duplicate of GEN_light_fighter_mb151_entity added to entity system
[23:47:27][no_game_date][pdx_entity.cpp:2277]: Duplicate of GEN_medium_bomber_ju86_entity added to entity system
[23:47:27][no_game_date][pdx_entity.cpp:2172]: Duplicate of SWI_heavy_plane_entity added to entity system
[23:47:27][no_game_date][pdx_entity.cpp:2172]: Duplicate of SWE_light_plane_entity added to entity system
[23:47:27][no_game_date][pdx_entity.cpp:2172]: Duplicate of FIN_small_plane_airframe_2_entity added to entity system
[23:47:27][no_game_date][pdx_entity.cpp:2277]: Duplicate of FIN_small_plane_airframe_2_entity added to entity system
[23:47:27][no_game_date][pdx_entity.cpp:2277]: Duplicate of GEN_medium_bomber_ju86_entity added to entity system
[23:47:27][no_game_date][pdx_entity.cpp:2277]: Duplicate of GEN_medium_bomber_ju52_entity added to entity system
[23:47:27][no_game_date][pdx_entity.cpp:2172]: Duplicate of FIN_heavy_plane_entity added to entity system
[23:47:27][no_game_date][pdx_entity.cpp:2172]: Duplicate of NOR_light_plane_entity added to entity system
[23:47:27][no_game_date][pdx_entity.cpp:2277]: Duplicate of GEN_medium_bomber_aero304_entity added to entity system
[23:47:27][no_game_date][pdx_entity.cpp:2172]: Duplicate of DEN_light_plane_entity added to entity system
[23:47:27][no_game_date][pdx_entity.cpp:2277]: Duplicate of GEN_medium_bomber_aero304_entity added to entity system
[23:47:27][no_game_date][pdx_entity.cpp:2277]: Duplicate of GEN_light_fighter_p36_entity added to entity system
[23:47:27][no_game_date][pdx_entity.cpp:2277]: Duplicate of GEN_medium_bomber_br20_entity added to entity system
[23:47:27][no_game_date][pdx_entity.cpp:2172]: Duplicate of ARG_heavy_plane_entity added to entity system
[23:47:27][no_game_date][pdx_entity.cpp:2277]: Duplicate of GEN_light_fighter_p36_entity added to entity system
[23:47:27][no_game_date][pdx_entity.cpp:2277]: Duplicate of GEN_medium_bomber_br20_entity added to entity system
[23:47:27][no_game_date][pdx_entity.cpp:2172]: Duplicate of BRA_heavy_plane_entity added to entity system
[23:47:27][no_game_date][pdx_entity.cpp:2277]: Duplicate of GEN_light_fighter_p36_entity added to entity system
[23:47:27][no_game_date][pdx_entity.cpp:2172]: Duplicate of CHL_medium_plane_entity added to entity system
[23:47:27][no_game_date][pdx_entity.cpp:2172]: Duplicate of CHL_heavy_plane_entity added to entity system
[23:47:27][no_game_date][pdx_entity.cpp:2172]: Duplicate of BEL_heavy_plane_entity added to entity system
[23:47:27][no_game_date][pdx_entity.cpp:2277]: Duplicate of GEN_light_fighter_p36_entity added to entity system
[23:47:27][no_game_date][pdx_entity.cpp:2277]: Duplicate of GEN_medium_bomber_aero304_entity added to entity system
[23:47:27][no_game_date][pdx_entity.cpp:2172]: Duplicate of AFG_heavy_plane_entity added to entity system
[23:47:27][no_game_date][pdx_entity.cpp:2172]: Duplicate of PER_light_plane_entity added to entity system
[23:47:27][no_game_date][pdx_entity.cpp:2172]: Duplicate of PER_medium_plane_entity added to entity system
[23:47:27][no_game_date][pdx_entity.cpp:2172]: Duplicate of PER_heavy_plane_entity added to entity system
[23:47:27][no_game_date][pdx_entity.cpp:2172]: Duplicate of IRQ_light_plane_entity added to entity system
[23:47:27][no_game_date][pdx_entity.cpp:2172]: Duplicate of IRQ_medium_plane_entity added to entity system
[23:47:27][no_game_date][pdx_entity.cpp:2172]: Duplicate of IRQ_heavy_plane_entity added to entity system
[23:47:27][no_game_date][pdx_entity.cpp:2277]: Duplicate of GEN_medium_tank_m1_entity added to entity system
[23:47:27][no_game_date][pdx_entity.cpp:2172]: Duplicate of GER_amphibious_armor_entity added to entity system
[23:47:27][no_game_date][pdx_entity.cpp:2172]: Duplicate of SOV_light_armor_entity added to entity system
[23:47:27][no_game_date][pdx_entity.cpp:2172]: Duplicate of SOV_medium_armor_entity added to entity system
[23:47:27][no_game_date][pdx_entity.cpp:2277]: Duplicate of SOV_medium_armor_entity added to entity system
[23:47:27][no_game_date][pdx_entity.cpp:2172]: Duplicate of SOV_heavy_armor_entity added to entity system
[23:47:27][no_game_date][pdx_entity.cpp:2172]: Duplicate of SOV_heavy_sp_artillery_brigade_1_entity added to entity system
[23:47:27][no_game_date][pdx_entity.cpp:2172]: Duplicate of SOV_amphibious_armor_entity added to entity system
[23:47:27][no_game_date][pdx_entity.cpp:2172]: Duplicate of USA_light_armor_entity added to entity system
[23:47:27][no_game_date][pdx_entity.cpp:2277]: Duplicate of USA_heavy_armor_0_entity added to entity system
[23:47:27][no_game_date][pdx_entity.cpp:2172]: Duplicate of USA_amphibious_armor_entity added to entity system
[23:47:27][no_game_date][pdx_entity.cpp:2277]: Duplicate of ENG_medium_armor_entity added to entity system
[23:47:27][no_game_date][pdx_entity.cpp:2172]: Duplicate of ENG_super_heavy_armor_alt_1_entity added to entity system
[23:47:27][no_game_date][pdx_entity.cpp:2172]: Duplicate of ENG_amphibious_armor_entity added to entity system
[23:47:27][no_game_date][pdx_entity.cpp:2172]: Duplicate of FRA_light_armor_entity added to entity system
[23:47:27][no_game_date][pdx_entity.cpp:2172]: Duplicate of FRA_medium_armor_entity added to entity system
[23:47:27][no_game_date][pdx_entity.cpp:2172]: Duplicate of FRA_heavy_armor_entity added to entity system
[23:47:27][no_game_date][pdx_entity.cpp:2172]: Duplicate of ITA_medium_armor_entity added to entity system
[23:47:27][no_game_date][pdx_entity.cpp:2172]: Duplicate of JAP_light_armor_entity added to entity system
[23:47:27][no_game_date][pdx_entity.cpp:2172]: Duplicate of JAP_medium_armor_entity added to entity system
[23:47:27][no_game_date][pdx_entity.cpp:2172]: Duplicate of JAP_heavy_armor_entity added to entity system
[23:47:27][no_game_date][pdx_entity.cpp:2172]: Duplicate of JAP_amphibious_armor_entity added to entity system
[23:47:27][no_game_date][pdx_entity.cpp:2277]: Duplicate of GEN_light_tank_artillery_su52_entity_green added to entity system
[23:47:27][no_game_date][pdx_entity.cpp:2172]: Duplicate of FIN_medium_armor_entity added to entity system
[23:47:27][no_game_date][pdx_entity.cpp:2277]: Duplicate of FIN_medium_armor_entity added to entity system
[23:47:27][no_game_date][pdx_entity.cpp:2172]: Duplicate of FIN_medium_tank_destroyer_brigade_0_entity added to entity system
[23:47:27][no_game_date][pdx_entity.cpp:2277]: Duplicate of GEN_heavy_tank_t35_entity_desert added to entity system
[23:47:27][no_game_date][pdx_entity.cpp:2172]: Duplicate of AFG_light_armor_0_entity added to entity system
[23:47:27][no_game_date][pdx_entity.cpp:2172]: Duplicate of AFG_light_armor_entity added to entity system
[23:47:27][no_game_date][pdx_entity.cpp:2172]: Duplicate of AFG_medium_armor_entity added to entity system
[23:47:27][no_game_date][pdx_entity.cpp:2172]: Duplicate of AFG_heavy_armor_entity added to entity system
[23:47:27][no_game_date][pdx_entity.cpp:2172]: Duplicate of AFG_modern_armor_entity added to entity system
[23:47:27][no_game_date][pdx_entity.cpp:2172]: Duplicate of PER_light_armor_0_entity added to entity system
[23:47:27][no_game_date][pdx_entity.cpp:2172]: Duplicate of PER_light_armor_entity added to entity system
[23:47:27][no_game_date][pdx_entity.cpp:2172]: Duplicate of PER_medium_armor_entity added to entity system
[23:47:27][no_game_date][pdx_entity.cpp:2172]: Duplicate of PER_heavy_armor_entity added to entity system
[23:47:27][no_game_date][pdx_entity.cpp:2172]: Duplicate of IRQ_medium_armor_entity added to entity system
[23:47:29][no_game_date][icon_entry.cpp:37]: Icon definition "rocket_interceptor_equipment_1_medium" does neither look like a file path nor a GFX entry as it does not start with "GFX_"
[23:47:29][no_game_date][icon_entry.cpp:37]: Icon definition "rocket_interceptor_equipment_2_medium" does neither look like a file path nor a GFX entry as it does not start with "GFX_"
[23:47:29][no_game_date][icon_entry.cpp:37]: Icon definition "rocket_interceptor_equipment_3_medium" does neither look like a file path nor a GFX entry as it does not start with "GFX_"
[23:47:30][no_game_date][persistent.cpp:68]: Error: "Expected 'pool': models, near line: 12" in file: "gfx/interface/equipmentdesigner/graphic_db/00_tank_icons.txt" near line: 15
[23:47:32][no_game_date][equipment_graphic_database.cpp:36]: GFX referenced in equipment graphic database does not exist: "rocket_interceptor_equipment_3_medium", associated with default small_plane_airframe_4
[23:47:32][no_game_date][equipment_graphic_database.cpp:36]: GFX referenced in equipment graphic database does not exist: "rocket_interceptor_equipment_1_medium", associated with default small_plane_airframe_3
[23:47:32][no_game_date][equipment_graphic_database.cpp:36]: GFX referenced in equipment graphic database does not exist: "rocket_interceptor_equipment_2_medium", associated with default small_plane_airframe_3
[23:47:32][no_game_date][equipment_graphic_database.cpp:45]: File referenced in equipment graphic database does not exist: "gfx/interface/equipmentdesigner/tanks/designer/lamp_CAN/light_2/CAN_cruiser_tank_mk_3dds", associated with CAN light_tank_chassis_2
[23:47:32][no_game_date][equipment_graphic_database.cpp:36]: GFX referenced in equipment graphic database does not exist: "GFX_HOL_basic_heavy_tank", associated with HOL heavy_tank_chassis
[23:47:32][no_game_date][equipment_graphic_database.cpp:36]: GFX referenced in equipment graphic database does not exist: "GFX_HOL_imp_heavy_tank", associated with HOL heavy_tank_chassis
[23:47:32][no_game_date][equipment_graphic_database.cpp:36]: GFX referenced in equipment graphic database does not exist: "GFX_HOL_adv_heavy_tank", associated with HOL heavy_tank_chassis
[23:47:32][no_game_date][equipment_graphic_database.cpp:36]: GFX referenced in equipment graphic database does not exist: "GFX_HOL_basic_medium_tank", associated with HOL medium_tank_chassis
[23:47:32][no_game_date][equipment_graphic_database.cpp:36]: GFX referenced in equipment graphic database does not exist: "GFX_HOL_imp_medium_tank", associated with HOL medium_tank_chassis
[23:47:32][no_game_date][equipment_graphic_database.cpp:36]: GFX referenced in equipment graphic database does not exist: "GFX_HOL_adv_medium_tank", associated with HOL medium_tank_chassis
[23:47:32][no_game_date][equipment_graphic_database.cpp:36]: GFX referenced in equipment graphic database does not exist: "GFX_HOL_basic_light_tank", associated with HOL light_tank_chassis
[23:47:32][no_game_date][equipment_graphic_database.cpp:36]: GFX referenced in equipment graphic database does not exist: "GFX_HOL_imp_light_tank", associated with HOL light_tank_chassis
[23:47:32][no_game_date][equipment_graphic_database.cpp:36]: GFX referenced in equipment graphic database does not exist: "GFX_HOL_adv_light_tank", associated with HOL light_tank_chassis
[23:47:32][no_game_date][equipment_graphic_database.cpp:93]: Unknown equipment type: heavy_plane_airframe
[23:47:32][no_game_date][equipment_graphic_database.cpp:36]: GFX referenced in equipment graphic database does not exist: "GFX_POR_basic_heavy_tank", associated with POR heavy_tank_chassis
[23:47:32][no_game_date][equipment_graphic_database.cpp:36]: GFX referenced in equipment graphic database does not exist: "GFX_POR_imp_heavy_tank", associated with POR heavy_tank_chassis
[23:47:32][no_game_date][equipment_graphic_database.cpp:36]: GFX referenced in equipment graphic database does not exist: "GFX_POR_adv_heavy_tank", associated with POR heavy_tank_chassis
[23:47:32][no_game_date][equipment_graphic_database.cpp:36]: GFX referenced in equipment graphic database does not exist: "GFX_POR_basic_medium_tank", associated with POR medium_tank_chassis
[23:47:32][no_game_date][equipment_graphic_database.cpp:36]: GFX referenced in equipment graphic database does not exist: "GFX_POR_imp_medium_tank", associated with POR medium_tank_chassis
[23:47:32][no_game_date][equipment_graphic_database.cpp:36]: GFX referenced in equipment graphic database does not exist: "GFX_POR_adv_medium_tank", associated with POR medium_tank_chassis
[23:47:32][no_game_date][equipment_graphic_database.cpp:36]: GFX referenced in equipment graphic database does not exist: "GFX_POR_basic_light_tank", associated with POR light_tank_chassis
[23:47:32][no_game_date][equipment_graphic_database.cpp:36]: GFX referenced in equipment graphic database does not exist: "GFX_POR_imp_light_tank", associated with POR light_tank_chassis
[23:47:32][no_game_date][equipment_graphic_database.cpp:36]: GFX referenced in equipment graphic database does not exist: "GFX_POR_adv_light_tank", associated with POR light_tank_chassis
[23:47:32][no_game_date][equipment_graphic_database.cpp:45]: File referenced in equipment graphic database does not exist: "gfx/interface/equipmentdesigner/tanks/designer/lamp_RAJ/heavy_2/RAJ_churchill_mk4_cRAJ_turret_na75.dds", associated with RAJ heavy_tank_chassis_2
[23:47:32][no_game_date][equipment_graphic_database.cpp:45]: File referenced in equipment graphic database does not exist: "gfx/interface/equipmentdesigner/tanks/designer/lamp_RAJ/heavy_2/RAJ_churchill_mk4_cRAJ_turret.dds", associated with RAJ heavy_tank_chassis_2
[23:47:32][no_game_date][equipment_graphic_database.cpp:45]: File referenced in equipment graphic database does not exist: "gfx/interface/equipmentdesigner/tanks/designer/lamp_RAJ/light_2/RAJ_cruiser_tank_mk_3dds", associated with RAJ light_tank_chassis_2
[23:47:32][no_game_date][equipment_graphic_database.cpp:36]: GFX referenced in equipment graphic database does not exist: "GFX_SPR_basic_heavy_tank", associated with SPR heavy_tank_chassis
[23:47:32][no_game_date][equipment_graphic_database.cpp:36]: GFX referenced in equipment graphic database does not exist: "GFX_SPR_imp_heavy_tank", associated with SPR heavy_tank_chassis
[23:47:32][no_game_date][equipment_graphic_database.cpp:36]: GFX referenced in equipment graphic database does not exist: "GFX_SPR_adv_heavy_tank", associated with SPR heavy_tank_chassis
[23:47:32][no_game_date][equipment_graphic_database.cpp:36]: GFX referenced in equipment graphic database does not exist: "GFX_SPR_basic_medium_tank", associated with SPR medium_tank_chassis
[23:47:32][no_game_date][equipment_graphic_database.cpp:36]: GFX referenced in equipment graphic database does not exist: "GFX_SPR_imp_medium_tank", associated with SPR medium_tank_chassis
[23:47:32][no_game_date][equipment_graphic_database.cpp:36]: GFX referenced in equipment graphic database does not exist: "GFX_SPR_adv_medium_tank", associated with SPR medium_tank_chassis
[23:47:32][no_game_date][equipment_graphic_database.cpp:36]: GFX referenced in equipment graphic database does not exist: "GFX_SPR_basic_light_tank", associated with SPR light_tank_chassis
[23:47:32][no_game_date][equipment_graphic_database.cpp:36]: GFX referenced in equipment graphic database does not exist: "GFX_SPR_imp_light_tank", associated with SPR light_tank_chassis
[23:47:32][no_game_date][equipment_graphic_database.cpp:36]: GFX referenced in equipment graphic database does not exist: "GFX_SPR_adv_light_tank", associated with SPR light_tank_chassis
[23:47:32][no_game_date][equipment_graphic_database.cpp:36]: GFX referenced in equipment graphic database does not exist: "GFX_CZE_basic_heavy_tank", associated with CZE heavy_tank_chassis
[23:47:32][no_game_date][equipment_graphic_database.cpp:36]: GFX referenced in equipment graphic database does not exist: "GFX_CZE_imp_heavy_tank", associated with CZE heavy_tank_chassis
[23:47:32][no_game_date][equipment_graphic_database.cpp:36]: GFX referenced in equipment graphic database does not exist: "GFX_CZE_adv_heavy_tank", associated with CZE heavy_tank_chassis
[23:47:32][no_game_date][equipment_graphic_database.cpp:36]: GFX referenced in equipment graphic database does not exist: "GFX_CZE_basic_main_tank", associated with CZE medium_tank_chassis
[23:47:32][no_game_date][equipment_graphic_database.cpp:36]: GFX referenced in equipment graphic database does not exist: "GFX_CZE_imp_main_tank", associated with CZE medium_tank_chassis
[23:47:32][no_game_date][equipment_graphic_database.cpp:36]: GFX referenced in equipment graphic database does not exist: "GFX_CZE_adv_main_tank", associated with CZE medium_tank_chassis
[23:47:32][no_game_date][equipment_graphic_database.cpp:36]: GFX referenced in equipment graphic database does not exist: "GFX_CZE_gwtank", associated with CZE light_tank_chassis
[23:47:32][no_game_date][equipment_graphic_database.cpp:36]: GFX referenced in equipment graphic database does not exist: "GFX_CZE_basic_light_tank", associated with CZE light_tank_chassis
[23:47:32][no_game_date][equipment_graphic_database.cpp:36]: GFX referenced in equipment graphic database does not exist: "GFX_CZE_imp_light_tank", associated with CZE light_tank_chassis
[23:47:32][no_game_date][equipment_graphic_database.cpp:36]: GFX referenced in equipment graphic database does not exist: "GFX_CZE_adv_light_tank", associated with CZE light_tank_chassis
[23:47:32][no_game_date][equipment_graphic_database.cpp:36]: GFX referenced in equipment graphic database does not exist: "GFX_EST_heavy_fighter3_medium", associated with EST medium_plane_airframe
[23:47:32][no_game_date][equipment_graphic_database.cpp:36]: GFX referenced in equipment graphic database does not exist: "GFX_EST_tactical_bomber3_medium", associated with EST medium_plane_airframe
[23:47:32][no_game_date][equipment_graphic_database.cpp:36]: GFX referenced in equipment graphic database does not exist: "GFX_EST_heavy_fighter2_medium", associated with EST medium_plane_airframe
[23:47:32][no_game_date][equipment_graphic_database.cpp:36]: GFX referenced in equipment graphic database does not exist: "GFX_EST_tactical_bomber2_medium", associated with EST medium_plane_airframe
[23:47:32][no_game_date][equipment_graphic_database.cpp:36]: GFX referenced in equipment graphic database does not exist: "GFX_EST_heavy_fighter1_medium", associated with EST medium_plane_airframe
[23:47:32][no_game_date][equipment_graphic_database.cpp:36]: GFX referenced in equipment graphic database does not exist: "GFX_EST_tactical_bomber1_medium", associated with EST medium_plane_airframe
[23:47:32][no_game_date][equipment_graphic_database.cpp:36]: GFX referenced in equipment graphic database does not exist: "GFX_EST_early_bomber_medium", associated with EST medium_plane_airframe
[23:47:32][no_game_date][equipment_graphic_database.cpp:36]: GFX referenced in equipment graphic database does not exist: "GFX_EST_naval_bomber3_medium", associated with EST cv_small_plane_airframe
[23:47:32][no_game_date][equipment_graphic_database.cpp:36]: GFX referenced in equipment graphic database does not exist: "GFX_EST_CAS3_medium", associated with EST cv_small_plane_airframe
[23:47:32][no_game_date][equipment_graphic_database.cpp:36]: GFX referenced in equipment graphic database does not exist: "GFX_EST_fighter3_medium", associated with EST cv_small_plane_airframe
[23:47:32][no_game_date][equipment_graphic_database.cpp:36]: GFX referenced in equipment graphic database does not exist: "GFX_EST_fighter2_medium", associated with EST cv_small_plane_airframe
[23:47:32][no_game_date][equipment_graphic_database.cpp:36]: GFX referenced in equipment graphic database does not exist: "GFX_EST_CAS2_medium", associated with EST cv_small_plane_airframe
[23:47:32][no_game_date][equipment_graphic_database.cpp:36]: GFX referenced in equipment graphic database does not exist: "GFX_EST_naval_bomber2_medium", associated with EST cv_small_plane_airframe
[23:47:32][no_game_date][equipment_graphic_database.cpp:36]: GFX referenced in equipment graphic database does not exist: "GFX_EST_naval_bomber1_medium", associated with EST cv_small_plane_airframe
[23:47:32][no_game_date][equipment_graphic_database.cpp:36]: GFX referenced in equipment graphic database does not exist: "GFX_EST_CAS1_medium", associated with EST cv_small_plane_airframe
[23:47:32][no_game_date][equipment_graphic_database.cpp:36]: GFX referenced in equipment graphic database does not exist: "GFX_EST_fighter1_medium", associated with EST cv_small_plane_airframe
[23:47:32][no_game_date][equipment_graphic_database.cpp:36]: GFX referenced in equipment graphic database does not exist: "GFX_EST_early_fighter_medium", associated with EST cv_small_plane_airframe
[23:47:32][no_game_date][equipment_graphic_database.cpp:36]: GFX referenced in equipment graphic database does not exist: "GFX_EST_strategic_bomber3_medium", associated with EST large_plane_airframe
[23:47:32][no_game_date][equipment_graphic_database.cpp:36]: GFX referenced in equipment graphic database does not exist: "GFX_EST_strategic_bomber2_medium", associated with EST large_plane_airframe
[23:47:32][no_game_date][equipment_graphic_database.cpp:36]: GFX referenced in equipment graphic database does not exist: "GFX_EST_strategic_bomber1_medium", associated with EST large_plane_airframe
[23:47:32][no_game_date][equipment_graphic_database.cpp:36]: GFX referenced in equipment graphic database does not exist: "GFX_EST_naval_bomber3_medium", associated with EST small_plane_airframe
[23:47:32][no_game_date][equipment_graphic_database.cpp:36]: GFX referenced in equipment graphic database does not exist: "GFX_EST_CAS3_medium", associated with EST small_plane_airframe
[23:47:32][no_game_date][equipment_graphic_database.cpp:36]: GFX referenced in equipment graphic database does not exist: "GFX_EST_fighter3_medium", associated with EST small_plane_airframe
[23:47:32][no_game_date][equipment_graphic_database.cpp:36]: GFX referenced in equipment graphic database does not exist: "GFX_EST_fighter2_medium", associated with EST small_plane_airframe
[23:47:32][no_game_date][equipment_graphic_database.cpp:36]: GFX referenced in equipment graphic database does not exist: "GFX_EST_CAS2_medium", associated with EST small_plane_airframe
[23:47:32][no_game_date][equipment_graphic_database.cpp:36]: GFX referenced in equipment graphic database does not exist: "GFX_EST_naval_bomber2_medium", associated with EST small_plane_airframe
[23:47:32][no_game_date][equipment_graphic_database.cpp:36]: GFX referenced in equipment graphic database does not exist: "GFX_EST_naval_bomber1_medium", associated with EST small_plane_airframe
[23:47:32][no_game_date][equipment_graphic_database.cpp:36]: GFX referenced in equipment graphic database does not exist: "GFX_EST_CAS1_medium", associated with EST small_plane_airframe
[23:47:32][no_game_date][equipment_graphic_database.cpp:36]: GFX referenced in equipment graphic database does not exist: "GFX_EST_fighter1_medium", associated with EST small_plane_airframe
[23:47:32][no_game_date][equipment_graphic_database.cpp:36]: GFX referenced in equipment graphic database does not exist: "GFX_EST_early_fighter_medium", associated with EST small_plane_airframe
[23:47:32][no_game_date][equipment_graphic_database.cpp:59]: Entity referenced in equipment graphic database does not exist: "USA_jet_plane_entity", associated with USA cv_small_plane_airframe_4
[23:47:32][no_game_date][equipment_graphic_database.cpp:59]: Entity referenced in equipment graphic database does not exist: "USA_jet_plane_entity", associated with USA small_plane_airframe_4
[23:47:32][no_game_date][equipment_graphic_database.cpp:45]: File referenced in equipment graphic database does not exist: "gfx/interface/equipmentdesigner/planes/designer/lamp_USA/small_4/usa_xp_79b.dds", associated with USA small_plane_airframe_2
[23:47:32][no_game_date][equipment_graphic_database.cpp:45]: File referenced in equipment graphic database does not exist: "gfx/interface/equipmentdesigner/planes/designer/lamp_USA/small_4/usa_xp_79.dds", associated with USA small_plane_airframe_2
[23:47:32][no_game_date][equipment_graphic_database.cpp:45]: File referenced in equipment graphic database does not exist: "gfx/interface/equipmentdesigner/planes/designer/lamp_USA/small_4/usa_mx_324.dds", associated with USA small_plane_airframe_2
[23:47:32][no_game_date][equipment_graphic_database.cpp:45]: File referenced in equipment graphic database does not exist: "gfx/interface/equipmentdesigner/tanks/designer/lamp_NZL/heavy_2/NZL_churchill_mk4_cNZL_turret_na75.dds", associated with NZL heavy_tank_chassis_2
[23:47:32][no_game_date][equipment_graphic_database.cpp:45]: File referenced in equipment graphic database does not exist: "gfx/interface/equipmentdesigner/tanks/designer/lamp_NZL/heavy_2/NZL_churchill_mk4_cNZL_turret.dds", associated with NZL heavy_tank_chassis_2
[23:47:32][no_game_date][equipment_graphic_database.cpp:45]: File referenced in equipment graphic database does not exist: "gfx/interface/equipmentdesigner/tanks/designer/lamp_NZL/light_2/NZL_cruiser_tank_mk_3dds", associated with NZL light_tank_chassis_2
[23:47:32][no_game_date][equipment_graphic_database.cpp:59]: Entity referenced in equipment graphic database does not exist: "POL_heavy_armor_entity", associated with POL heavy_tank_chassis_1
[23:47:32][no_game_date][equipment_graphic_database.cpp:59]: Entity referenced in equipment graphic database does not exist: "POL_heavy_armor_entity", associated with POL heavy_tank_chassis_3
[23:47:32][no_game_date][equipment_graphic_database.cpp:59]: Entity referenced in equipment graphic database does not exist: "POL_heavy_armor_entity", associated with POL heavy_tank_chassis_2
[23:47:32][no_game_date][equipment_graphic_database.cpp:36]: GFX referenced in equipment graphic database does not exist: "GFX_CHI_basic_heavy_tank", associated with SHX heavy_tank_chassis
[23:47:32][no_game_date][equipment_graphic_database.cpp:36]: GFX referenced in equipment graphic database does not exist: "GFX_CHI_imp_heavy_tank", associated with SHX heavy_tank_chassis
[23:47:32][no_game_date][equipment_graphic_database.cpp:36]: GFX referenced in equipment graphic database does not exist: "GFX_CHI_adv_heavy_tank", associated with SHX heavy_tank_chassis
[23:47:32][no_game_date][equipment_graphic_database.cpp:36]: GFX referenced in equipment graphic database does not exist: "GFX_PRC_basic_heavy_tank", associated with SHX heavy_tank_chassis
[23:47:32][no_game_date][equipment_graphic_database.cpp:36]: GFX referenced in equipment graphic database does not exist: "GFX_PRC_imp_heavy_tank", associated with SHX heavy_tank_chassis
[23:47:32][no_game_date][equipment_graphic_database.cpp:36]: GFX referenced in equipment graphic database does not exist: "GFX_PRC_adv_heavy_tank", associated with SHX heavy_tank_chassis
[23:47:32][no_game_date][equipment_graphic_database.cpp:36]: GFX referenced in equipment graphic database does not exist: "GFX_CHI_basic_medium_tank", associated with SHX medium_tank_chassis
[23:47:32][no_game_date][equipment_graphic_database.cpp:36]: GFX referenced in equipment graphic database does not exist: "GFX_CHI_imp_medium_tank", associated with SHX medium_tank_chassis
[23:47:32][no_game_date][equipment_graphic_database.cpp:36]: GFX referenced in equipment graphic database does not exist: "GFX_CHI_adv_medium_tank", associated with SHX medium_tank_chassis
[23:47:32][no_game_date][equipment_graphic_database.cpp:36]: GFX referenced in equipment graphic database does not exist: "GFX_PRC_basic_medium_tank", associated with SHX medium_tank_chassis
[23:47:32][no_game_date][equipment_graphic_database.cpp:36]: GFX referenced in equipment graphic database does not exist: "GFX_PRC_imp_medium_tank", associated with SHX medium_tank_chassis
[23:47:32][no_game_date][equipment_graphic_database.cpp:36]: GFX referenced in equipment graphic database does not exist: "GFX_PRC_adv_medium_tank", associated with SHX medium_tank_chassis
[23:47:32][no_game_date][equipment_graphic_database.cpp:36]: GFX referenced in equipment graphic database does not exist: "GFX_CHI_gwtank", associated with SHX light_tank_chassis
[23:47:32][no_game_date][equipment_graphic_database.cpp:36]: GFX referenced in equipment graphic database does not exist: "GFX_CHI_basic_light_tank", associated with SHX light_tank_chassis
[23:47:32][no_game_date][equipment_graphic_database.cpp:36]: GFX referenced in equipment graphic database does not exist: "GFX_CHI_imp_light_tank", associated with SHX light_tank_chassis
[23:47:32][no_game_date][equipment_graphic_database.cpp:36]: GFX referenced in equipment graphic database does not exist: "GFX_CHI_adv_light_tank", associated with SHX light_tank_chassis
[23:47:32][no_game_date][equipment_graphic_database.cpp:36]: GFX referenced in equipment graphic database does not exist: "GFX_PRC_basic_light_tank", associated with SHX light_tank_chassis
[23:47:32][no_game_date][equipment_graphic_database.cpp:36]: GFX referenced in equipment graphic database does not exist: "GFX_PRC_imp_light_tank", associated with SHX light_tank_chassis
[23:47:32][no_game_date][equipment_graphic_database.cpp:36]: GFX referenced in equipment graphic database does not exist: "GFX_PRC_adv_light_tank", associated with SHX light_tank_chassis
[23:47:32][no_game_date][equipment_graphic_database.cpp:36]: GFX referenced in equipment graphic database does not exist: "GFX_CHI_basic_heavy_tank", associated with SIK heavy_tank_chassis
[23:47:32][no_game_date][equipment_graphic_database.cpp:36]: GFX referenced in equipment graphic database does not exist: "GFX_CHI_imp_heavy_tank", associated with SIK heavy_tank_chassis
[23:47:32][no_game_date][equipment_graphic_database.cpp:36]: GFX referenced in equipment graphic database does not exist: "GFX_CHI_adv_heavy_tank", associated with SIK heavy_tank_chassis
[23:47:32][no_game_date][equipment_graphic_database.cpp:36]: GFX referenced in equipment graphic database does not exist: "GFX_PRC_basic_heavy_tank", associated with SIK heavy_tank_chassis
[23:47:32][no_game_date][equipment_graphic_database.cpp:36]: GFX referenced in equipment graphic database does not exist: "GFX_PRC_imp_heavy_tank", associated with SIK heavy_tank_chassis
[23:47:32][no_game_date][equipment_graphic_database.cpp:36]: GFX referenced in equipment graphic database does not exist: "GFX_PRC_adv_heavy_tank", associated with SIK heavy_tank_chassis
[23:47:32][no_game_date][equipment_graphic_database.cpp:36]: GFX referenced in equipment graphic database does not exist: "GFX_CHI_basic_medium_tank", associated with SIK medium_tank_chassis
[23:47:32][no_game_date][equipment_graphic_database.cpp:36]: GFX referenced in equipment graphic database does not exist: "GFX_CHI_imp_medium_tank", associated with SIK medium_tank_chassis
[23:47:32][no_game_date][equipment_graphic_database.cpp:36]: GFX referenced in equipment graphic database does not exist: "GFX_CHI_adv_medium_tank", associated with SIK medium_tank_chassis
[23:47:32][no_game_date][equipment_graphic_database.cpp:36]: GFX referenced in equipment graphic database does not exist: "GFX_PRC_basic_medium_tank", associated with SIK medium_tank_chassis
[23:47:32][no_game_date][equipment_graphic_database.cpp:36]: GFX referenced in equipment graphic database does not exist: "GFX_PRC_imp_medium_tank", associated with SIK medium_tank_chassis
[23:47:32][no_game_date][equipment_graphic_database.cpp:36]: GFX referenced in equipment graphic database does not exist: "GFX_PRC_adv_medium_tank", associated with SIK medium_tank_chassis
[23:47:32][no_game_date][equipment_graphic_database.cpp:36]: GFX referenced in equipment graphic database does not exist: "GFX_CHI_gwtank", associated with SIK light_tank_chassis
[23:47:32][no_game_date][equipment_graphic_database.cpp:36]: GFX referenced in equipment graphic database does not exist: "GFX_CHI_basic_light_tank", associated with SIK light_tank_chassis
[23:47:32][no_game_date][equipment_graphic_database.cpp:36]: GFX referenced in equipment graphic database does not exist: "GFX_CHI_imp_light_tank", associated with SIK light_tank_chassis
[23:47:32][no_game_date][equipment_graphic_database.cpp:36]: GFX referenced in equipment graphic database does not exist: "GFX_CHI_adv_light_tank", associated with SIK light_tank_chassis
[23:47:32][no_game_date][equipment_graphic_database.cpp:36]: GFX referenced in equipment graphic database does not exist: "GFX_PRC_basic_light_tank", associated with SIK light_tank_chassis
[23:47:32][no_game_date][equipment_graphic_database.cpp:36]: GFX referenced in equipment graphic database does not exist: "GFX_PRC_imp_light_tank", associated with SIK light_tank_chassis
[23:47:32][no_game_date][equipment_graphic_database.cpp:36]: GFX referenced in equipment graphic database does not exist: "GFX_PRC_adv_light_tank", associated with SIK light_tank_chassis
[23:47:32][no_game_date][equipment_graphic_database.cpp:36]: GFX referenced in equipment graphic database does not exist: "GFX_CHI_basic_heavy_tank", associated with CHI heavy_tank_chassis
[23:47:32][no_game_date][equipment_graphic_database.cpp:36]: GFX referenced in equipment graphic database does not exist: "GFX_CHI_imp_heavy_tank", associated with CHI heavy_tank_chassis
[23:47:32][no_game_date][equipment_graphic_database.cpp:36]: GFX referenced in equipment graphic database does not exist: "GFX_CHI_adv_heavy_tank", associated with CHI heavy_tank_chassis
[23:47:32][no_game_date][equipment_graphic_database.cpp:36]: GFX referenced in equipment graphic database does not exist: "GFX_CHI_basic_medium_tank", associated with CHI medium_tank_chassis
[23:47:32][no_game_date][equipment_graphic_database.cpp:36]: GFX referenced in equipment graphic database does not exist: "GFX_CHI_imp_medium_tank", associated with CHI medium_tank_chassis
[23:47:32][no_game_date][equipment_graphic_database.cpp:36]: GFX referenced in equipment graphic database does not exist: "GFX_CHI_adv_medium_tank", associated with CHI medium_tank_chassis
[23:47:32][no_game_date][equipment_graphic_database.cpp:36]: GFX referenced in equipment graphic database does not exist: "GFX_CHI_gwtank", associated with CHI light_tank_chassis
[23:47:32][no_game_date][equipment_graphic_database.cpp:36]: GFX referenced in equipment graphic database does not exist: "GFX_CHI_basic_light_tank", associated with CHI light_tank_chassis
[23:47:32][no_game_date][equipment_graphic_database.cpp:36]: GFX referenced in equipment graphic database does not exist: "GFX_CHI_imp_light_tank", associated with CHI light_tank_chassis
[23:47:32][no_game_date][equipment_graphic_database.cpp:36]: GFX referenced in equipment graphic database does not exist: "GFX_CHI_adv_light_tank", associated with CHI light_tank_chassis
[23:47:32][no_game_date][equipment_graphic_database.cpp:93]: Unknown equipment type: heavy_plane_airframe
[23:47:32][no_game_date][equipment_graphic_database.cpp:36]: GFX referenced in equipment graphic database does not exist: "GFX_PRC_basic_heavy_tank", associated with PRC heavy_tank_chassis
[23:47:32][no_game_date][equipment_graphic_database.cpp:36]: GFX referenced in equipment graphic database does not exist: "GFX_PRC_imp_heavy_tank", associated with PRC heavy_tank_chassis
[23:47:32][no_game_date][equipment_graphic_database.cpp:36]: GFX referenced in equipment graphic database does not exist: "GFX_PRC_adv_heavy_tank", associated with PRC heavy_tank_chassis
[23:47:32][no_game_date][equipment_graphic_database.cpp:36]: GFX referenced in equipment graphic database does not exist: "GFX_PRC_basic_medium_tank", associated with PRC medium_tank_chassis
[23:47:32][no_game_date][equipment_graphic_database.cpp:36]: GFX referenced in equipment graphic database does not exist: "GFX_PRC_imp_medium_tank", associated with PRC medium_tank_chassis
[23:47:32][no_game_date][equipment_graphic_database.cpp:36]: GFX referenced in equipment graphic database does not exist: "GFX_PRC_adv_medium_tank", associated with PRC medium_tank_chassis
[23:47:32][no_game_date][equipment_graphic_database.cpp:36]: GFX referenced in equipment graphic database does not exist: "GFX_PRC_basic_light_tank", associated with PRC light_tank_chassis
[23:47:32][no_game_date][equipment_graphic_database.cpp:36]: GFX referenced in equipment graphic database does not exist: "GFX_PRC_imp_light_tank", associated with PRC light_tank_chassis
[23:47:32][no_game_date][equipment_graphic_database.cpp:36]: GFX referenced in equipment graphic database does not exist: "GFX_PRC_adv_light_tank", associated with PRC light_tank_chassis
[23:47:32][no_game_date][equipment_graphic_database.cpp:45]: File referenced in equipment graphic database does not exist: "gfx/interface/equipmentdesigner/tanks/designer/lamp_AST/light_2/AST_cruiser_tank_mk_3dds", associated with AST light_tank_chassis_2
[23:47:33][no_game_date][equipment_graphic_database.cpp:36]: GFX referenced in equipment graphic database does not exist: "GFX_YUG_basic_heavy_tank", associated with YUG heavy_tank_chassis
[23:47:33][no_game_date][equipment_graphic_database.cpp:36]: GFX referenced in equipment graphic database does not exist: "GFX_YUG_imp_heavy_tank", associated with YUG heavy_tank_chassis
[23:47:33][no_game_date][equipment_graphic_database.cpp:36]: GFX referenced in equipment graphic database does not exist: "GFX_YUG_adv_heavy_tank", associated with YUG heavy_tank_chassis
[23:47:33][no_game_date][equipment_graphic_database.cpp:36]: GFX referenced in equipment graphic database does not exist: "GFX_YUG_basic_main_tank", associated with YUG medium_tank_chassis
[23:47:33][no_game_date][equipment_graphic_database.cpp:36]: GFX referenced in equipment graphic database does not exist: "GFX_YUG_imp_main_tank", associated with YUG medium_tank_chassis
[23:47:33][no_game_date][equipment_graphic_database.cpp:36]: GFX referenced in equipment graphic database does not exist: "GFX_YUG_adv_main_tank", associated with YUG medium_tank_chassis
[23:47:33][no_game_date][equipment_graphic_database.cpp:36]: GFX referenced in equipment graphic database does not exist: "GFX_YUG_gwtank", associated with YUG light_tank_chassis
[23:47:33][no_game_date][equipment_graphic_database.cpp:36]: GFX referenced in equipment graphic database does not exist: "GFX_YUG_basic_light_tank", associated with YUG light_tank_chassis
[23:47:33][no_game_date][equipment_graphic_database.cpp:36]: GFX referenced in equipment graphic database does not exist: "GFX_YUG_imp_light_tank", associated with YUG light_tank_chassis
[23:47:33][no_game_date][equipment_graphic_database.cpp:36]: GFX referenced in equipment graphic database does not exist: "GFX_YUG_adv_light_tank", associated with YUG light_tank_chassis
[23:47:33][no_game_date][equipment_graphic_database.cpp:36]: GFX referenced in equipment graphic database does not exist: "GFX_ROM_basic_heavy_tank", associated with ROM heavy_tank_chassis
[23:47:33][no_game_date][equipment_graphic_database.cpp:36]: GFX referenced in equipment graphic database does not exist: "GFX_ROM_imp_heavy_tank", associated with ROM heavy_tank_chassis
[23:47:33][no_game_date][equipment_graphic_database.cpp:36]: GFX referenced in equipment graphic database does not exist: "GFX_ROM_adv_heavy_tank", associated with ROM heavy_tank_chassis
[23:47:33][no_game_date][equipment_graphic_database.cpp:36]: GFX referenced in equipment graphic database does not exist: "GFX_ROM_basic_medium_tank", associated with ROM medium_tank_chassis
[23:47:33][no_game_date][equipment_graphic_database.cpp:36]: GFX referenced in equipment graphic database does not exist: "GFX_ROM_imp_medium_tank", associated with ROM medium_tank_chassis
[23:47:33][no_game_date][equipment_graphic_database.cpp:36]: GFX referenced in equipment graphic database does not exist: "GFX_ROM_adv_medium_tank", associated with ROM medium_tank_chassis
[23:47:33][no_game_date][equipment_graphic_database.cpp:36]: GFX referenced in equipment graphic database does not exist: "GFX_ROM_gwtank", associated with ROM light_tank_chassis
[23:47:33][no_game_date][equipment_graphic_database.cpp:36]: GFX referenced in equipment graphic database does not exist: "GFX_ROM_basic_light_tank", associated with ROM light_tank_chassis
[23:47:33][no_game_date][equipment_graphic_database.cpp:36]: GFX referenced in equipment graphic database does not exist: "GFX_ROM_imp_light_tank", associated with ROM light_tank_chassis
[23:47:33][no_game_date][equipment_graphic_database.cpp:36]: GFX referenced in equipment graphic database does not exist: "GFX_ROM_adv_light_tank", associated with ROM light_tank_chassis
[23:47:33][no_game_date][equipment_graphic_database.cpp:45]: File referenced in equipment graphic database does not exist: "gfx/interface/equipmentdesigner/planes/designer/lamp_GER/small_2/ger_me410b2_u4.dds", associated with GER medium_plane_fighter_airframe_2
[23:47:33][no_game_date][equipment_graphic_database.cpp:45]: File referenced in equipment graphic database does not exist: "gfx/interface/equipmentdesigner/planes/designer/lamp_GER/small_2/ger_me410a.dds", associated with GER medium_plane_fighter_airframe_2
[23:47:33][no_game_date][equipment_graphic_database.cpp:45]: File referenced in equipment graphic database does not exist: "gfx/interface/equipmentdesigner/planes/designer/lamp_GER/small_1/ger_bf110g_4.dds", associated with GER medium_plane_fighter_airframe_1
[23:47:33][no_game_date][equipment_graphic_database.cpp:45]: File referenced in equipment graphic database does not exist: "gfx/interface/equipmentdesigner/planes/designer/lamp_GER/small_1/ger_bf110g_2.dds", associated with GER medium_plane_fighter_airframe_1
[23:47:33][no_game_date][equipment_graphic_database.cpp:45]: File referenced in equipment graphic database does not exist: "gfx/interface/equipmentdesigner/planes/designer/lamp_GER/small_1/ger_bf110e.dds", associated with GER medium_plane_fighter_airframe_1
[23:47:33][no_game_date][equipment_graphic_database.cpp:45]: File referenced in equipment graphic database does not exist: "gfx/interface/equipmentdesigner/planes/designer/lamp_GER/small_1/ger_bf110d_1r4.dds", associated with GER medium_plane_fighter_airframe_1
[23:47:33][no_game_date][equipment_graphic_database.cpp:45]: File referenced in equipment graphic database does not exist: "gfx/interface/equipmentdesigner/planes/designer/lamp_GER/small_1/ger_bf110d.dds", associated with GER medium_plane_fighter_airframe_1
[23:47:33][no_game_date][equipment_graphic_database.cpp:45]: File referenced in equipment graphic database does not exist: "gfx/interface/equipmentdesigner/planes/designer/lamp_GER/small_1/ger_bf110c.dds", associated with GER medium_plane_fighter_airframe_1
[23:47:33][no_game_date][equipment_graphic_database.cpp:45]: File referenced in equipment graphic database does not exist: "gfx/interface/equipmentdesigner/planes/designer/lamp_GER/small_2/ger_me210.dds", associated with GER small_plane_cas_airframe_3
[23:47:33][no_game_date][equipment_graphic_database.cpp:45]: File referenced in equipment graphic database does not exist: "gfx/interface/equipmentdesigner/planes/designer/lamp_GER/medium_0/ger_he59b.dds", associated with GER large_plane_maritime_patrol_plane_airframe_0
[23:47:33][no_game_date][equipment_graphic_database.cpp:45]: File referenced in equipment graphic database does not exist: "gfx/interface/equipmentdesigner/planes/designer/lamp_GER/medium_0/ger_he59a.dds", associated with GER medium_plane_airframe_0
[23:47:33][no_game_date][equipment_graphic_database.cpp:45]: File referenced in equipment graphic database does not exist: "gfx/interface/equipmentdesigner/planes/designer/lamp_GER/medium_1/ger_bv138.dds", associated with GER medium_plane_airframe_2
[23:47:33][no_game_date][equipment_graphic_database.cpp:45]: File referenced in equipment graphic database does not exist: "gfx/interface/equipmentdesigner/tanks/designer/lamp_ENG/light_2/ENG_cruiser_tank_mk_3dds", associated with ENG light_tank_chassis_2
[23:47:33][no_game_date][equipment_graphic_database.cpp:59]: Entity referenced in equipment graphic database does not exist: "ENG_medium_armor_0_alt_1_entity", associated with ENG medium_tank_chassis_1
[23:47:33][no_game_date][equipment_graphic_database.cpp:36]: GFX referenced in equipment graphic database does not exist: "GFX_CHI_basic_heavy_tank", associated with YUN heavy_tank_chassis
[23:47:33][no_game_date][equipment_graphic_database.cpp:36]: GFX referenced in equipment graphic database does not exist: "GFX_CHI_imp_heavy_tank", associated with YUN heavy_tank_chassis
[23:47:33][no_game_date][equipment_graphic_database.cpp:36]: GFX referenced in equipment graphic database does not exist: "GFX_CHI_adv_heavy_tank", associated with YUN heavy_tank_chassis
[23:47:33][no_game_date][equipment_graphic_database.cpp:36]: GFX referenced in equipment graphic database does not exist: "GFX_PRC_basic_heavy_tank", associated with YUN heavy_tank_chassis
[23:47:33][no_game_date][equipment_graphic_database.cpp:36]: GFX referenced in equipment graphic database does not exist: "GFX_PRC_imp_heavy_tank", associated with YUN heavy_tank_chassis
[23:47:33][no_game_date][equipment_graphic_database.cpp:36]: GFX referenced in equipment graphic database does not exist: "GFX_PRC_adv_heavy_tank", associated with YUN heavy_tank_chassis
[23:47:33][no_game_date][equipment_graphic_database.cpp:36]: GFX referenced in equipment graphic database does not exist: "GFX_CHI_basic_medium_tank", associated with YUN medium_tank_chassis
[23:47:33][no_game_date][equipment_graphic_database.cpp:36]: GFX referenced in equipment graphic database does not exist: "GFX_CHI_imp_medium_tank", associated with YUN medium_tank_chassis
[23:47:33][no_game_date][equipment_graphic_database.cpp:36]: GFX referenced in equipment graphic database does not exist: "GFX_CHI_adv_medium_tank", associated with YUN medium_tank_chassis
[23:47:33][no_game_date][equipment_graphic_database.cpp:36]: GFX referenced in equipment graphic database does not exist: "GFX_PRC_basic_medium_tank", associated with YUN medium_tank_chassis
[23:47:33][no_game_date][equipment_graphic_database.cpp:36]: GFX referenced in equipment graphic database does not exist: "GFX_PRC_imp_medium_tank", associated with YUN medium_tank_chassis
[23:47:33][no_game_date][equipment_graphic_database.cpp:36]: GFX referenced in equipment graphic database does not exist: "GFX_PRC_adv_medium_tank", associated with YUN medium_tank_chassis
[23:47:33][no_game_date][equipment_graphic_database.cpp:36]: GFX referenced in equipment graphic database does not exist: "GFX_CHI_gwtank", associated with YUN light_tank_chassis
[23:47:33][no_game_date][equipment_graphic_database.cpp:36]: GFX referenced in equipment graphic database does not exist: "GFX_CHI_basic_light_tank", associated with YUN light_tank_chassis
[23:47:33][no_game_date][equipment_graphic_database.cpp:36]: GFX referenced in equipment graphic database does not exist: "GFX_CHI_imp_light_tank", associated with YUN light_tank_chassis
[23:47:33][no_game_date][equipment_graphic_database.cpp:36]: GFX referenced in equipment graphic database does not exist: "GFX_CHI_adv_light_tank", associated with YUN light_tank_chassis
[23:47:33][no_game_date][equipment_graphic_database.cpp:36]: GFX referenced in equipment graphic database does not exist: "GFX_PRC_basic_light_tank", associated with YUN light_tank_chassis
[23:47:33][no_game_date][equipment_graphic_database.cpp:36]: GFX referenced in equipment graphic database does not exist: "GFX_PRC_imp_light_tank", associated with YUN light_tank_chassis
[23:47:33][no_game_date][equipment_graphic_database.cpp:36]: GFX referenced in equipment graphic database does not exist: "GFX_PRC_adv_light_tank", associated with YUN light_tank_chassis
[23:47:33][no_game_date][equipment_graphic_database.cpp:36]: GFX referenced in equipment graphic database does not exist: "GFX_LAT_heavy_fighter3_medium", associated with LAT medium_plane_airframe
[23:47:33][no_game_date][equipment_graphic_database.cpp:36]: GFX referenced in equipment graphic database does not exist: "GFX_LAT_tactical_bomber3_medium", associated with LAT medium_plane_airframe
[23:47:33][no_game_date][equipment_graphic_database.cpp:36]: GFX referenced in equipment graphic database does not exist: "GFX_LAT_heavy_fighter2_medium", associated with LAT medium_plane_airframe
[23:47:33][no_game_date][equipment_graphic_database.cpp:36]: GFX referenced in equipment graphic database does not exist: "GFX_LAT_tactical_bomber2_medium", associated with LAT medium_plane_airframe
[23:47:33][no_game_date][equipment_graphic_database.cpp:36]: GFX referenced in equipment graphic database does not exist: "GFX_LAT_heavy_fighter1_medium", associated with LAT medium_plane_airframe
[23:47:33][no_game_date][equipment_graphic_database.cpp:36]: GFX referenced in equipment graphic database does not exist: "GFX_LAT_tactical_bomber1_medium", associated with LAT medium_plane_airframe
[23:47:33][no_game_date][equipment_graphic_database.cpp:36]: GFX referenced in equipment graphic database does not exist: "GFX_LAT_early_bomber_medium", associated with LAT medium_plane_airframe
[23:47:33][no_game_date][equipment_graphic_database.cpp:36]: GFX referenced in equipment graphic database does not exist: "GFX_LAT_naval_bomber3_medium", associated with LAT cv_small_plane_airframe
[23:47:33][no_game_date][equipment_graphic_database.cpp:36]: GFX referenced in equipment graphic database does not exist: "GFX_LAT_CAS3_medium", associated with LAT cv_small_plane_airframe
[23:47:33][no_game_date][equipment_graphic_database.cpp:36]: GFX referenced in equipment graphic database does not exist: "GFX_LAT_fighter3_medium", associated with LAT cv_small_plane_airframe
[23:47:33][no_game_date][equipment_graphic_database.cpp:36]: GFX referenced in equipment graphic database does not exist: "GFX_LAT_fighter2_medium", associated with LAT cv_small_plane_airframe
[23:47:33][no_game_date][equipment_graphic_database.cpp:36]: GFX referenced in equipment graphic database does not exist: "GFX_LAT_CAS2_medium", associated with LAT cv_small_plane_airframe
[23:47:33][no_game_date][equipment_graphic_database.cpp:36]: GFX referenced in equipment graphic database does not exist: "GFX_LAT_naval_bomber2_medium", associated with LAT cv_small_plane_airframe
[23:47:33][no_game_date][equipment_graphic_database.cpp:36]: GFX referenced in equipment graphic database does not exist: "GFX_LAT_naval_bomber1_medium", associated with LAT cv_small_plane_airframe
[23:47:33][no_game_date][equipment_graphic_database.cpp:36]: GFX referenced in equipment graphic database does not exist: "GFX_LAT_CAS1_medium", associated with LAT cv_small_plane_airframe
[23:47:33][no_game_date][equipment_graphic_database.cpp:36]: GFX referenced in equipment graphic database does not exist: "GFX_LAT_fighter1_medium", associated with LAT cv_small_plane_airframe
[23:47:33][no_game_date][equipment_graphic_database.cpp:36]: GFX referenced in equipment graphic database does not exist: "GFX_LAT_early_fighter_medium", associated with LAT cv_small_plane_airframe
[23:47:33][no_game_date][equipment_graphic_database.cpp:36]: GFX referenced in equipment graphic database does not exist: "GFX_LAT_strategic_bomber3_medium", associated with LAT large_plane_airframe
[23:47:33][no_game_date][equipment_graphic_database.cpp:36]: GFX referenced in equipment graphic database does not exist: "GFX_LAT_strategic_bomber2_medium", associated with LAT large_plane_airframe
[23:47:33][no_game_date][equipment_graphic_database.cpp:36]: GFX referenced in equipment graphic database does not exist: "GFX_LAT_strategic_bomber1_medium", associated with LAT large_plane_airframe
[23:47:33][no_game_date][equipment_graphic_database.cpp:36]: GFX referenced in equipment graphic database does not exist: "GFX_LAT_naval_bomber3_medium", associated with LAT small_plane_airframe
[23:47:33][no_game_date][equipment_graphic_database.cpp:36]: GFX referenced in equipment graphic database does not exist: "GFX_LAT_CAS3_medium", associated with LAT small_plane_airframe
[23:47:33][no_game_date][equipment_graphic_database.cpp:36]: GFX referenced in equipment graphic database does not exist: "GFX_LAT_fighter3_medium", associated with LAT small_plane_airframe
[23:47:33][no_game_date][equipment_graphic_database.cpp:36]: GFX referenced in equipment graphic database does not exist: "GFX_LAT_fighter2_medium", associated with LAT small_plane_airframe
[23:47:33][no_game_date][equipment_graphic_database.cpp:36]: GFX referenced in equipment graphic database does not exist: "GFX_LAT_CAS2_medium", associated with LAT small_plane_airframe
[23:47:33][no_game_date][equipment_graphic_database.cpp:36]: GFX referenced in equipment graphic database does not exist: "GFX_LAT_naval_bomber2_medium", associated with LAT small_plane_airframe
[23:47:33][no_game_date][equipment_graphic_database.cpp:36]: GFX referenced in equipment graphic database does not exist: "GFX_LAT_naval_bomber1_medium", associated with LAT small_plane_airframe
[23:47:33][no_game_date][equipment_graphic_database.cpp:36]: GFX referenced in equipment graphic database does not exist: "GFX_LAT_CAS1_medium", associated with LAT small_plane_airframe
[23:47:33][no_game_date][equipment_graphic_database.cpp:36]: GFX referenced in equipment graphic database does not exist: "GFX_LAT_fighter1_medium", associated with LAT small_plane_airframe
[23:47:33][no_game_date][equipment_graphic_database.cpp:36]: GFX referenced in equipment graphic database does not exist: "GFX_LAT_early_fighter_medium", associated with LAT small_plane_airframe
[23:47:33][no_game_date][equipment_graphic_database.cpp:36]: GFX referenced in equipment graphic database does not exist: "GFX_HUN_basic_heavy_tank", associated with HUN heavy_tank_chassis
[23:47:33][no_game_date][equipment_graphic_database.cpp:36]: GFX referenced in equipment graphic database does not exist: "GFX_HUN_imp_heavy_tank", associated with HUN heavy_tank_chassis
[23:47:33][no_game_date][equipment_graphic_database.cpp:36]: GFX referenced in equipment graphic database does not exist: "GFX_HUN_adv_heavy_tank", associated with HUN heavy_tank_chassis
[23:47:33][no_game_date][equipment_graphic_database.cpp:36]: GFX referenced in equipment graphic database does not exist: "GFX_HUN_basic_medium_tank", associated with HUN medium_tank_chassis
[23:47:33][no_game_date][equipment_graphic_database.cpp:36]: GFX referenced in equipment graphic database does not exist: "GFX_HUN_imp_medium_tank", associated with HUN medium_tank_chassis
[23:47:33][no_game_date][equipment_graphic_database.cpp:36]: GFX referenced in equipment graphic database does not exist: "GFX_HUN_adv_medium_tank", associated with HUN medium_tank_chassis
[23:47:33][no_game_date][equipment_graphic_database.cpp:36]: GFX referenced in equipment graphic database does not exist: "GFX_HUN_gwtank", associated with HUN light_tank_chassis
[23:47:33][no_game_date][equipment_graphic_database.cpp:36]: GFX referenced in equipment graphic database does not exist: "GFX_HUN_basic_light_tank", associated with HUN light_tank_chassis
[23:47:33][no_game_date][equipment_graphic_database.cpp:36]: GFX referenced in equipment graphic database does not exist: "GFX_HUN_imp_light_tank", associated with HUN light_tank_chassis
[23:47:33][no_game_date][equipment_graphic_database.cpp:36]: GFX referenced in equipment graphic database does not exist: "GFX_HUN_adv_light_tank", associated with HUN light_tank_chassis
[23:47:33][no_game_date][equipment_graphic_database.cpp:36]: GFX referenced in equipment graphic database does not exist: "GFX_CHI_basic_heavy_tank", associated with XSM heavy_tank_chassis
[23:47:33][no_game_date][equipment_graphic_database.cpp:36]: GFX referenced in equipment graphic database does not exist: "GFX_CHI_imp_heavy_tank", associated with XSM heavy_tank_chassis
[23:47:33][no_game_date][equipment_graphic_database.cpp:36]: GFX referenced in equipment graphic database does not exist: "GFX_CHI_adv_heavy_tank", associated with XSM heavy_tank_chassis
[23:47:33][no_game_date][equipment_graphic_database.cpp:36]: GFX referenced in equipment graphic database does not exist: "GFX_PRC_basic_heavy_tank", associated with XSM heavy_tank_chassis
[23:47:33][no_game_date][equipment_graphic_database.cpp:36]: GFX referenced in equipment graphic database does not exist: "GFX_PRC_imp_heavy_tank", associated with XSM heavy_tank_chassis
[23:47:33][no_game_date][equipment_graphic_database.cpp:36]: GFX referenced in equipment graphic database does not exist: "GFX_PRC_adv_heavy_tank", associated with XSM heavy_tank_chassis
[23:47:33][no_game_date][equipment_graphic_database.cpp:36]: GFX referenced in equipment graphic database does not exist: "GFX_CHI_basic_medium_tank", associated with XSM medium_tank_chassis
[23:47:33][no_game_date][equipment_graphic_database.cpp:36]: GFX referenced in equipment graphic database does not exist: "GFX_CHI_imp_medium_tank", associated with XSM medium_tank_chassis
[23:47:33][no_game_date][equipment_graphic_database.cpp:36]: GFX referenced in equipment graphic database does not exist: "GFX_CHI_adv_medium_tank", associated with XSM medium_tank_chassis
[23:47:33][no_game_date][equipment_graphic_database.cpp:36]: GFX referenced in equipment graphic database does not exist: "GFX_PRC_basic_medium_tank", associated with XSM medium_tank_chassis
[23:47:33][no_game_date][equipment_graphic_database.cpp:36]: GFX referenced in equipment graphic database does not exist: "GFX_PRC_imp_medium_tank", associated with XSM medium_tank_chassis
[23:47:33][no_game_date][equipment_graphic_database.cpp:36]: GFX referenced in equipment graphic database does not exist: "GFX_PRC_adv_medium_tank", associated with XSM medium_tank_chassis
[23:47:33][no_game_date][equipment_graphic_database.cpp:36]: GFX referenced in equipment graphic database does not exist: "GFX_CHI_gwtank", associated with XSM light_tank_chassis
[23:47:33][no_game_date][equipment_graphic_database.cpp:36]: GFX referenced in equipment graphic database does not exist: "GFX_CHI_basic_light_tank", associated with XSM light_tank_chassis
[23:47:33][no_game_date][equipment_graphic_database.cpp:36]: GFX referenced in equipment graphic database does not exist: "GFX_CHI_imp_light_tank", associated with XSM light_tank_chassis
[23:47:33][no_game_date][equipment_graphic_database.cpp:36]: GFX referenced in equipment graphic database does not exist: "GFX_CHI_adv_light_tank", associated with XSM light_tank_chassis
[23:47:33][no_game_date][equipment_graphic_database.cpp:36]: GFX referenced in equipment graphic database does not exist: "GFX_PRC_basic_light_tank", associated with XSM light_tank_chassis
[23:47:33][no_game_date][equipment_graphic_database.cpp:36]: GFX referenced in equipment graphic database does not exist: "GFX_PRC_imp_light_tank", associated with XSM light_tank_chassis
[23:47:33][no_game_date][equipment_graphic_database.cpp:36]: GFX referenced in equipment graphic database does not exist: "GFX_PRC_adv_light_tank", associated with XSM light_tank_chassis
[23:47:33][no_game_date][equipment_graphic_database.cpp:36]: GFX referenced in equipment graphic database does not exist: "GFX_MEX_basic_heavy_tank", associated with MEX heavy_tank_chassis
[23:47:33][no_game_date][equipment_graphic_database.cpp:36]: GFX referenced in equipment graphic database does not exist: "GFX_MEX_imp_heavy_tank", associated with MEX heavy_tank_chassis
[23:47:33][no_game_date][equipment_graphic_database.cpp:36]: GFX referenced in equipment graphic database does not exist: "GFX_MEX_adv_heavy_tank", associated with MEX heavy_tank_chassis
[23:47:33][no_game_date][equipment_graphic_database.cpp:36]: GFX referenced in equipment graphic database does not exist: "GFX_MEX_basic_medium_tank", associated with MEX medium_tank_chassis
[23:47:33][no_game_date][equipment_graphic_database.cpp:36]: GFX referenced in equipment graphic database does not exist: "GFX_MEX_imp_medium_tank", associated with MEX medium_tank_chassis
[23:47:33][no_game_date][equipment_graphic_database.cpp:36]: GFX referenced in equipment graphic database does not exist: "GFX_MEX_adv_medium_tank", associated with MEX medium_tank_chassis
[23:47:33][no_game_date][equipment_graphic_database.cpp:36]: GFX referenced in equipment graphic database does not exist: "GFX_MEX_basic_light_tank", associated with MEX light_tank_chassis
[23:47:33][no_game_date][equipment_graphic_database.cpp:36]: GFX referenced in equipment graphic database does not exist: "GFX_MEX_imp_light_tank", associated with MEX light_tank_chassis
[23:47:33][no_game_date][equipment_graphic_database.cpp:36]: GFX referenced in equipment graphic database does not exist: "GFX_MEX_adv_light_tank", associated with MEX light_tank_chassis
[23:47:33][no_game_date][equipment_graphic_database.cpp:36]: GFX referenced in equipment graphic database does not exist: "GFX_CHI_basic_heavy_tank", associated with GXC heavy_tank_chassis
[23:47:33][no_game_date][equipment_graphic_database.cpp:36]: GFX referenced in equipment graphic database does not exist: "GFX_CHI_imp_heavy_tank", associated with GXC heavy_tank_chassis
[23:47:33][no_game_date][equipment_graphic_database.cpp:36]: GFX referenced in equipment graphic database does not exist: "GFX_CHI_adv_heavy_tank", associated with GXC heavy_tank_chassis
[23:47:33][no_game_date][equipment_graphic_database.cpp:36]: GFX referenced in equipment graphic database does not exist: "GFX_PRC_basic_heavy_tank", associated with GXC heavy_tank_chassis
[23:47:33][no_game_date][equipment_graphic_database.cpp:36]: GFX referenced in equipment graphic database does not exist: "GFX_PRC_imp_heavy_tank", associated with GXC heavy_tank_chassis
[23:47:33][no_game_date][equipment_graphic_database.cpp:36]: GFX referenced in equipment graphic database does not exist: "GFX_PRC_adv_heavy_tank", associated with GXC heavy_tank_chassis
[23:47:33][no_game_date][equipment_graphic_database.cpp:36]: GFX referenced in equipment graphic database does not exist: "GFX_CHI_basic_medium_tank", associated with GXC medium_tank_chassis
[23:47:33][no_game_date][equipment_graphic_database.cpp:36]: GFX referenced in equipment graphic database does not exist: "GFX_CHI_imp_medium_tank", associated with GXC medium_tank_chassis
[23:47:33][no_game_date][equipment_graphic_database.cpp:36]: GFX referenced in equipment graphic database does not exist: "GFX_CHI_adv_medium_tank", associated with GXC medium_tank_chassis
[23:47:33][no_game_date][equipment_graphic_database.cpp:36]: GFX referenced in equipment graphic database does not exist: "GFX_PRC_basic_medium_tank", associated with GXC medium_tank_chassis
[23:47:33][no_game_date][equipment_graphic_database.cpp:36]: GFX referenced in equipment graphic database does not exist: "GFX_PRC_imp_medium_tank", associated with GXC medium_tank_chassis
[23:47:33][no_game_date][equipment_graphic_database.cpp:36]: GFX referenced in equipment graphic database does not exist: "GFX_PRC_adv_medium_tank", associated with GXC medium_tank_chassis
[23:47:33][no_game_date][equipment_graphic_database.cpp:36]: GFX referenced in equipment graphic database does not exist: "GFX_CHI_gwtank", associated with GXC light_tank_chassis
[23:47:33][no_game_date][equipment_graphic_database.cpp:36]: GFX referenced in equipment graphic database does not exist: "GFX_CHI_basic_light_tank", associated with GXC light_tank_chassis
[23:47:33][no_game_date][equipment_graphic_database.cpp:36]: GFX referenced in equipment graphic database does not exist: "GFX_CHI_imp_light_tank", associated with GXC light_tank_chassis
[23:47:33][no_game_date][equipment_graphic_database.cpp:36]: GFX referenced in equipment graphic database does not exist: "GFX_CHI_adv_light_tank", associated with GXC light_tank_chassis
[23:47:33][no_game_date][equipment_graphic_database.cpp:36]: GFX referenced in equipment graphic database does not exist: "GFX_PRC_basic_light_tank", associated with GXC light_tank_chassis
[23:47:33][no_game_date][equipment_graphic_database.cpp:36]: GFX referenced in equipment graphic database does not exist: "GFX_PRC_imp_light_tank", associated with GXC light_tank_chassis
[23:47:33][no_game_date][equipment_graphic_database.cpp:36]: GFX referenced in equipment graphic database does not exist: "GFX_PRC_adv_light_tank", associated with GXC light_tank_chassis
[23:47:33][no_game_date][equipment_graphic_database.cpp:36]: GFX referenced in equipment graphic database does not exist: "GFX_LIT_heavy_fighter3_medium", associated with LIT medium_plane_airframe
[23:47:33][no_game_date][equipment_graphic_database.cpp:36]: GFX referenced in equipment graphic database does not exist: "GFX_LIT_tactical_bomber3_medium", associated with LIT medium_plane_airframe
[23:47:33][no_game_date][equipment_graphic_database.cpp:36]: GFX referenced in equipment graphic database does not exist: "GFX_LIT_heavy_fighter2_medium", associated with LIT medium_plane_airframe
[23:47:33][no_game_date][equipment_graphic_database.cpp:36]: GFX referenced in equipment graphic database does not exist: "GFX_LIT_tactical_bomber2_medium", associated with LIT medium_plane_airframe
[23:47:33][no_game_date][equipment_graphic_database.cpp:36]: GFX referenced in equipment graphic database does not exist: "GFX_LIT_heavy_fighter1_medium", associated with LIT medium_plane_airframe
[23:47:33][no_game_date][equipment_graphic_database.cpp:36]: GFX referenced in equipment graphic database does not exist: "GFX_LIT_tactical_bomber1_medium", associated with LIT medium_plane_airframe
[23:47:33][no_game_date][equipment_graphic_database.cpp:36]: GFX referenced in equipment graphic database does not exist: "GFX_LIT_early_bomber_medium", associated with LIT medium_plane_airframe
[23:47:33][no_game_date][equipment_graphic_database.cpp:36]: GFX referenced in equipment graphic database does not exist: "GFX_LIT_naval_bomber3_medium", associated with LIT cv_small_plane_airframe
[23:47:33][no_game_date][equipment_graphic_database.cpp:36]: GFX referenced in equipment graphic database does not exist: "GFX_LIT_CAS3_medium", associated with LIT cv_small_plane_airframe
[23:47:33][no_game_date][equipment_graphic_database.cpp:36]: GFX referenced in equipment graphic database does not exist: "GFX_LIT_fighter3_medium", associated with LIT cv_small_plane_airframe
[23:47:33][no_game_date][equipment_graphic_database.cpp:36]: GFX referenced in equipment graphic database does not exist: "GFX_LIT_fighter2_medium", associated with LIT cv_small_plane_airframe
[23:47:33][no_game_date][equipment_graphic_database.cpp:36]: GFX referenced in equipment graphic database does not exist: "GFX_LIT_CAS2_medium", associated with LIT cv_small_plane_airframe
[23:47:33][no_game_date][equipment_graphic_database.cpp:36]: GFX referenced in equipment graphic database does not exist: "GFX_LIT_naval_bomber2_medium", associated with LIT cv_small_plane_airframe
[23:47:33][no_game_date][equipment_graphic_database.cpp:36]: GFX referenced in equipment graphic database does not exist: "GFX_LIT_naval_bomber1_medium", associated with LIT cv_small_plane_airframe
[23:47:33][no_game_date][equipment_graphic_database.cpp:36]: GFX referenced in equipment graphic database does not exist: "GFX_LIT_CAS1_medium", associated with LIT cv_small_plane_airframe
[23:47:33][no_game_date][equipment_graphic_database.cpp:36]: GFX referenced in equipment graphic database does not exist: "GFX_LIT_fighter1_medium", associated with LIT cv_small_plane_airframe
[23:47:33][no_game_date][equipment_graphic_database.cpp:36]: GFX referenced in equipment graphic database does not exist: "GFX_LIT_early_fighter_medium", associated with LIT cv_small_plane_airframe
[23:47:33][no_game_date][equipment_graphic_database.cpp:36]: GFX referenced in equipment graphic database does not exist: "GFX_LIT_strategic_bomber3_medium", associated with LIT large_plane_airframe
[23:47:33][no_game_date][equipment_graphic_database.cpp:36]: GFX referenced in equipment graphic database does not exist: "GFX_LIT_strategic_bomber2_medium", associated with LIT large_plane_airframe
[23:47:33][no_game_date][equipment_graphic_database.cpp:36]: GFX referenced in equipment graphic database does not exist: "GFX_LIT_strategic_bomber1_medium", associated with LIT large_plane_airframe
[23:47:33][no_game_date][equipment_graphic_database.cpp:36]: GFX referenced in equipment graphic database does not exist: "GFX_LIT_naval_bomber3_medium", associated with LIT small_plane_airframe
[23:47:33][no_game_date][equipment_graphic_database.cpp:36]: GFX referenced in equipment graphic database does not exist: "GFX_LIT_CAS3_medium", associated with LIT small_plane_airframe
[23:47:33][no_game_date][equipment_graphic_database.cpp:36]: GFX referenced in equipment graphic database does not exist: "GFX_LIT_fighter3_medium", associated with LIT small_plane_airframe
[23:47:33][no_game_date][equipment_graphic_database.cpp:36]: GFX referenced in equipment graphic database does not exist: "GFX_LIT_fighter2_medium", associated with LIT small_plane_airframe
[23:47:33][no_game_date][equipment_graphic_database.cpp:36]: GFX referenced in equipment graphic database does not exist: "GFX_LIT_CAS2_medium", associated with LIT small_plane_airframe
[23:47:33][no_game_date][equipment_graphic_database.cpp:36]: GFX referenced in equipment graphic database does not exist: "GFX_LIT_naval_bomber2_medium", associated with LIT small_plane_airframe
[23:47:33][no_game_date][equipment_graphic_database.cpp:36]: GFX referenced in equipment graphic database does not exist: "GFX_LIT_naval_bomber1_medium", associated with LIT small_plane_airframe
[23:47:33][no_game_date][equipment_graphic_database.cpp:36]: GFX referenced in equipment graphic database does not exist: "GFX_LIT_CAS1_medium", associated with LIT small_plane_airframe
[23:47:33][no_game_date][equipment_graphic_database.cpp:36]: GFX referenced in equipment graphic database does not exist: "GFX_LIT_fighter1_medium", associated with LIT small_plane_airframe
[23:47:33][no_game_date][equipment_graphic_database.cpp:36]: GFX referenced in equipment graphic database does not exist: "GFX_LIT_early_fighter_medium", associated with LIT small_plane_airframe
[23:47:33][no_game_date][equipment_graphic_database.cpp:45]: File referenced in equipment graphic database does not exist: "gfx/interface/equipmentdesigner/tanks/designer/lamp_SAF/heavy_2/SAF_churchill_mk4_cSAF_turret_na75.dds", associated with SAF heavy_tank_chassis_2
[23:47:33][no_game_date][equipment_graphic_database.cpp:45]: File referenced in equipment graphic database does not exist: "gfx/interface/equipmentdesigner/tanks/designer/lamp_SAF/heavy_2/SAF_churchill_mk4_cSAF_turret.dds", associated with SAF heavy_tank_chassis_2
[23:47:33][no_game_date][equipment_graphic_database.cpp:45]: File referenced in equipment graphic database does not exist: "gfx/interface/equipmentdesigner/tanks/designer/lamp_SAF/light_2/SAF_cruiser_tank_mk_3dds", associated with SAF light_tank_chassis_2
[23:47:33][no_game_date][equipment_graphic_database.cpp:45]: File referenced in equipment graphic database does not exist: "gfx/interface/equipmentdesigner/tanks/designer/lamp_MAL/heavy_2/MAL_churchill_mk4_cMAL_turret_na75.dds", associated with MAL heavy_tank_chassis_2
[23:47:33][no_game_date][equipment_graphic_database.cpp:45]: File referenced in equipment graphic database does not exist: "gfx/interface/equipmentdesigner/tanks/designer/lamp_MAL/heavy_2/MAL_churchill_mk4_cMAL_turret.dds", associated with MAL heavy_tank_chassis_2
[23:47:33][no_game_date][equipment_graphic_database.cpp:45]: File referenced in equipment graphic database does not exist: "gfx/interface/equipmentdesigner/tanks/designer/lamp_MAL/light_2/MAL_cruiser_tank_mk_3dds", associated with MAL light_tank_chassis_2
[23:47:33][no_game_date][equipment_graphic_database.cpp:45]: File referenced in equipment graphic database does not exist: "gfx/interface/equipmentdesigner/tanks/designer/lamp_MAL/light_0/MAL_light_tank_mk_2_Malaysian_pattern.dds", associated with MAL light_tank_chassis_0
